<?xml version="1.0" encoding="UTF-8"?>
<!-- Generated by org.testng.reporters.JUnitReportReporter -->
<testsuite hostname="CNS04" failures="0" tests="2" name="testCases.LoginTest" time="8.696" errors="0" timestamp="21 May 2018 11:35:54 GMT" skipped="0">
  <testcase classname="testCases.LoginTest" name="Test_Login_Validation" time="6.780"/>
  <testcase classname="testCases.LoginTest" name="Test_Valid_Login" time="1.916"/>
</testsuite> <!-- testCases.LoginTest -->
